{"C:\\Namaste-React\\nymefoodapp\\components\\Body.js": {"path":"C:\\Namaste-React\\nymefoodapp\\components\\Body.js","statementMap":{"0":{"start":{"line":9,"column":13},"end":{"line":112,"column":1}},"1":{"start":{"line":10,"column":48},"end":{"line":10,"column":60}},"2":{"start":{"line":11,"column":64},"end":{"line":11,"column":76}},"3":{"start":{"line":12,"column":39},"end":{"line":12,"column":51}},"4":{"start":{"line":14,"column":4},"end":{"line":16,"column":11}},"5":{"start":{"line":15,"column":8},"end":{"line":15,"column":20}},"6":{"start":{"line":18,"column":42},"end":{"line":18,"column":78}},"7":{"start":{"line":20,"column":22},"end":{"line":32,"column":5}},"8":{"start":{"line":21,"column":21},"end":{"line":23,"column":9}},"9":{"start":{"line":25,"column":21},"end":{"line":25,"column":38}},"10":{"start":{"line":26,"column":31},"end":{"line":28,"column":63}},"11":{"start":{"line":27,"column":22},"end":{"line":27,"column":80}},"12":{"start":{"line":30,"column":8},"end":{"line":30,"column":42}},"13":{"start":{"line":31,"column":8},"end":{"line":31,"column":50}},"14":{"start":{"line":34,"column":35},"end":{"line":34,"column":58}},"15":{"start":{"line":37,"column":22},"end":{"line":37,"column":33}},"16":{"start":{"line":39,"column":4},"end":{"line":39,"column":50}},"17":{"start":{"line":39,"column":28},"end":{"line":39,"column":50}},"18":{"start":{"line":41,"column":4},"end":{"line":111,"column":6}},"19":{"start":{"line":52,"column":28},"end":{"line":52,"column":58}},"20":{"start":{"line":59,"column":49},"end":{"line":63,"column":29}},"21":{"start":{"line":60,"column":32},"end":{"line":62,"column":70}},"22":{"start":{"line":64,"column":28},"end":{"line":64,"column":68}},"23":{"start":{"line":73,"column":41},"end":{"line":75,"column":25}},"24":{"start":{"line":74,"column":37},"end":{"line":74,"column":63}},"25":{"start":{"line":76,"column":24},"end":{"line":76,"column":60}},"26":{"start":{"line":91,"column":37},"end":{"line":91,"column":64}},"27":{"start":{"line":100,"column":24},"end":{"line":107,"column":31}}},"fnMap":{"0":{"name":"(anonymous_0)","decl":{"start":{"line":9,"column":13},"end":{"line":9,"column":14}},"loc":{"start":{"line":9,"column":19},"end":{"line":112,"column":1}},"line":9},"1":{"name":"(anonymous_1)","decl":{"start":{"line":14,"column":14},"end":{"line":14,"column":15}},"loc":{"start":{"line":14,"column":20},"end":{"line":16,"column":5}},"line":14},"2":{"name":"(anonymous_2)","decl":{"start":{"line":20,"column":22},"end":{"line":20,"column":23}},"loc":{"start":{"line":20,"column":34},"end":{"line":32,"column":5}},"line":20},"3":{"name":"(anonymous_3)","decl":{"start":{"line":27,"column":12},"end":{"line":27,"column":13}},"loc":{"start":{"line":27,"column":22},"end":{"line":27,"column":80}},"line":27},"4":{"name":"(anonymous_4)","decl":{"start":{"line":51,"column":34},"end":{"line":51,"column":35}},"loc":{"start":{"line":51,"column":41},"end":{"line":53,"column":25}},"line":51},"5":{"name":"(anonymous_5)","decl":{"start":{"line":58,"column":33},"end":{"line":58,"column":34}},"loc":{"start":{"line":58,"column":39},"end":{"line":65,"column":25}},"line":58},"6":{"name":"(anonymous_6)","decl":{"start":{"line":59,"column":71},"end":{"line":59,"column":72}},"loc":{"start":{"line":60,"column":32},"end":{"line":62,"column":70}},"line":60},"7":{"name":"(anonymous_7)","decl":{"start":{"line":72,"column":29},"end":{"line":72,"column":30}},"loc":{"start":{"line":72,"column":35},"end":{"line":77,"column":21}},"line":72},"8":{"name":"(anonymous_8)","decl":{"start":{"line":74,"column":28},"end":{"line":74,"column":29}},"loc":{"start":{"line":74,"column":37},"end":{"line":74,"column":63}},"line":74},"9":{"name":"(anonymous_9)","decl":{"start":{"line":91,"column":30},"end":{"line":91,"column":31}},"loc":{"start":{"line":91,"column":37},"end":{"line":91,"column":64}},"line":91},"10":{"name":"(anonymous_10)","decl":{"start":{"line":99,"column":47},"end":{"line":99,"column":48}},"loc":{"start":{"line":100,"column":24},"end":{"line":107,"column":31}},"line":100}},"branchMap":{"0":{"loc":{"start":{"line":39,"column":4},"end":{"line":39,"column":50}},"type":"if","locations":[{"start":{"line":39,"column":4},"end":{"line":39,"column":50}},{"start":{},"end":{}}],"line":39},"1":{"loc":{"start":{"line":41,"column":11},"end":{"line":111,"column":5}},"type":"cond-expr","locations":[{"start":{"line":42,"column":8},"end":{"line":42,"column":19}},{"start":{"line":44,"column":8},"end":{"line":110,"column":14}}],"line":41},"2":{"loc":{"start":{"line":98,"column":17},"end":{"line":108,"column":22}},"type":"binary-expr","locations":[{"start":{"line":98,"column":17},"end":{"line":98,"column":54}},{"start":{"line":99,"column":20},"end":{"line":108,"column":22}}],"line":98},"3":{"loc":{"start":{"line":106,"column":30},"end":{"line":106,"column":143}},"type":"cond-expr","locations":[{"start":{"line":106,"column":71},"end":{"line":106,"column":98}},{"start":{"line":106,"column":101},"end":{"line":106,"column":143}}],"line":106}},"s":{"0":1,"1":3,"2":3,"3":3,"4":3,"5":1,"6":3,"7":3,"8":1,"9":1,"10":1,"11":3,"12":1,"13":1,"14":3,"15":3,"16":3,"17":0,"18":3,"19":0,"20":1,"21":9,"22":1,"23":0,"24":0,"25":0,"26":0,"27":18},"f":{"0":3,"1":1,"2":1,"3":3,"4":0,"5":1,"6":9,"7":0,"8":0,"9":0,"10":18},"b":{"0":[0,3],"1":[1,2],"2":[2,2],"3":[18,0]},"_coverageSchema":"1a1c01bbd47fc00a2c39e90264f33305004495a9","hash":"e93bae10c71cfbe1bed484e455147c04d9da402e"}
,"C:\\Namaste-React\\nymefoodapp\\components\\Contact.js": {"path":"C:\\Namaste-React\\nymefoodapp\\components\\Contact.js","statementMap":{"0":{"start":{"line":5,"column":16},"end":{"line":79,"column":1}},"1":{"start":{"line":6,"column":21},"end":{"line":6,"column":32}},"2":{"start":{"line":8,"column":32},"end":{"line":12,"column":2}},"3":{"start":{"line":14,"column":21},"end":{"line":17,"column":1}},"4":{"start":{"line":15,"column":28},"end":{"line":15,"column":36}},"5":{"start":{"line":16,"column":4},"end":{"line":16,"column":48}},"6":{"start":{"line":19,"column":21},"end":{"line":24,"column":1}},"7":{"start":{"line":20,"column":4},"end":{"line":20,"column":23}},"8":{"start":{"line":21,"column":4},"end":{"line":21,"column":44}},"9":{"start":{"line":22,"column":4},"end":{"line":22,"column":41}},"10":{"start":{"line":23,"column":4},"end":{"line":23,"column":54}},"11":{"start":{"line":26,"column":0},"end":{"line":26,"column":50}},"12":{"start":{"line":26,"column":28},"end":{"line":26,"column":50}},"13":{"start":{"line":28,"column":0},"end":{"line":78,"column":6}}},"fnMap":{"0":{"name":"(anonymous_0)","decl":{"start":{"line":5,"column":16},"end":{"line":5,"column":17}},"loc":{"start":{"line":5,"column":22},"end":{"line":79,"column":1}},"line":5},"1":{"name":"(anonymous_1)","decl":{"start":{"line":14,"column":21},"end":{"line":14,"column":22}},"loc":{"start":{"line":14,"column":28},"end":{"line":17,"column":1}},"line":14},"2":{"name":"(anonymous_2)","decl":{"start":{"line":19,"column":21},"end":{"line":19,"column":22}},"loc":{"start":{"line":19,"column":28},"end":{"line":24,"column":1}},"line":19}},"branchMap":{"0":{"loc":{"start":{"line":26,"column":0},"end":{"line":26,"column":50}},"type":"if","locations":[{"start":{"line":26,"column":0},"end":{"line":26,"column":50}},{"start":{},"end":{}}],"line":26}},"s":{"0":1,"1":3,"2":3,"3":3,"4":0,"5":0,"6":3,"7":0,"8":0,"9":0,"10":0,"11":3,"12":0,"13":3},"f":{"0":3,"1":0,"2":0},"b":{"0":[0,3]},"_coverageSchema":"1a1c01bbd47fc00a2c39e90264f33305004495a9","hash":"cd9ba66aa8e1a78291b7b663bb4b0376c361d23f"}
,"C:\\Namaste-React\\nymefoodapp\\components\\Header.js": {"path":"C:\\Namaste-React\\nymefoodapp\\components\\Header.js","statementMap":{"0":{"start":{"line":7,"column":15},"end":{"line":69,"column":1}},"1":{"start":{"line":8,"column":40},"end":{"line":8,"column":55}},"2":{"start":{"line":9,"column":25},"end":{"line":9,"column":36}},"3":{"start":{"line":10,"column":22},"end":{"line":10,"column":61}},"4":{"start":{"line":10,"column":44},"end":{"line":10,"column":60}},"5":{"start":{"line":11,"column":4},"end":{"line":11,"column":26}},"6":{"start":{"line":13,"column":4},"end":{"line":68,"column":6}},"7":{"start":{"line":56,"column":35},"end":{"line":56,"column":61}}},"fnMap":{"0":{"name":"(anonymous_0)","decl":{"start":{"line":7,"column":15},"end":{"line":7,"column":16}},"loc":{"start":{"line":7,"column":21},"end":{"line":69,"column":1}},"line":7},"1":{"name":"(anonymous_1)","decl":{"start":{"line":10,"column":34},"end":{"line":10,"column":35}},"loc":{"start":{"line":10,"column":44},"end":{"line":10,"column":60}},"line":10},"2":{"name":"(anonymous_2)","decl":{"start":{"line":56,"column":29},"end":{"line":56,"column":30}},"loc":{"start":{"line":56,"column":35},"end":{"line":56,"column":61}},"line":56}},"branchMap":{"0":{"loc":{"start":{"line":25,"column":40},"end":{"line":25,"column":65}},"type":"cond-expr","locations":[{"start":{"line":25,"column":55},"end":{"line":25,"column":59}},{"start":{"line":25,"column":62},"end":{"line":25,"column":65}}],"line":25},"1":{"loc":{"start":{"line":43,"column":25},"end":{"line":47,"column":25}},"type":"binary-expr","locations":[{"start":{"line":43,"column":25},"end":{"line":43,"column":45}},{"start":{"line":44,"column":24},"end":{"line":46,"column":31}}],"line":43},"2":{"loc":{"start":{"line":57,"column":27},"end":{"line":57,"column":58}},"type":"cond-expr","locations":[{"start":{"line":57,"column":40},"end":{"line":57,"column":48}},{"start":{"line":57,"column":51},"end":{"line":57,"column":58}}],"line":57},"3":{"loc":{"start":{"line":59,"column":24},"end":{"line":59,"column":102}},"type":"cond-expr","locations":[{"start":{"line":59,"column":37},"end":{"line":59,"column":66}},{"start":{"line":59,"column":69},"end":{"line":59,"column":102}}],"line":59},"4":{"loc":{"start":{"line":64,"column":42},"end":{"line":64,"column":102}},"type":"cond-expr","locations":[{"start":{"line":64,"column":55},"end":{"line":64,"column":78}},{"start":{"line":64,"column":81},"end":{"line":64,"column":102}}],"line":64}},"s":{"0":1,"1":4,"2":4,"3":4,"4":7,"5":4,"6":4,"7":1},"f":{"0":4,"1":7,"2":1},"b":{"0":[4,0],"1":[4,0],"2":[1,3],"3":[1,3],"4":[1,3]},"_coverageSchema":"1a1c01bbd47fc00a2c39e90264f33305004495a9","hash":"ec59d162696475bb84f350e75abea53deb12b4eb"}
,"C:\\Namaste-React\\nymefoodapp\\components\\RestrauntCard.js": {"path":"C:\\Namaste-React\\nymefoodapp\\components\\RestrauntCard.js","statementMap":{"0":{"start":{"line":4,"column":23},"end":{"line":36,"column":1}},"1":{"start":{"line":5,"column":18},"end":{"line":5,"column":23}},"2":{"start":{"line":12,"column":8},"end":{"line":12,"column":16}},"3":{"start":{"line":13,"column":4},"end":{"line":35,"column":6}},"4":{"start":{"line":39,"column":36},"end":{"line":50,"column":1}},"5":{"start":{"line":40,"column":4},"end":{"line":49,"column":5}},"6":{"start":{"line":41,"column":8},"end":{"line":48,"column":9}}},"fnMap":{"0":{"name":"(anonymous_0)","decl":{"start":{"line":4,"column":23},"end":{"line":4,"column":24}},"loc":{"start":{"line":4,"column":34},"end":{"line":36,"column":1}},"line":4},"1":{"name":"(anonymous_1)","decl":{"start":{"line":39,"column":36},"end":{"line":39,"column":37}},"loc":{"start":{"line":39,"column":55},"end":{"line":50,"column":1}},"line":39},"2":{"name":"(anonymous_2)","decl":{"start":{"line":40,"column":11},"end":{"line":40,"column":12}},"loc":{"start":{"line":40,"column":22},"end":{"line":49,"column":5}},"line":40}},"branchMap":{},"s":{"0":2,"1":19,"2":19,"3":19,"4":2,"5":3,"6":0},"f":{"0":19,"1":3,"2":0},"b":{},"_coverageSchema":"1a1c01bbd47fc00a2c39e90264f33305004495a9","hash":"729b4fca03e4be87f1e650a2b8211770d967b607"}
,"C:\\Namaste-React\\nymefoodapp\\components\\sum.js": {"path":"C:\\Namaste-React\\nymefoodapp\\components\\sum.js","statementMap":{"0":{"start":{"line":1,"column":12},"end":{"line":3,"column":1}},"1":{"start":{"line":2,"column":4},"end":{"line":2,"column":17}}},"fnMap":{"0":{"name":"(anonymous_0)","decl":{"start":{"line":1,"column":12},"end":{"line":1,"column":13}},"loc":{"start":{"line":1,"column":20},"end":{"line":3,"column":1}},"line":1}},"branchMap":{},"s":{"0":1,"1":1},"f":{"0":1},"b":{},"_coverageSchema":"1a1c01bbd47fc00a2c39e90264f33305004495a9","hash":"fced44537d33936f01a6cc910b4226714e7a3604"}
,"C:\\Namaste-React\\nymefoodapp\\utils\\appStore.js": {"path":"C:\\Namaste-React\\nymefoodapp\\utils\\appStore.js","statementMap":{"0":{"start":{"line":5,"column":29},"end":{"line":18,"column":1}},"1":{"start":{"line":6,"column":4},"end":{"line":17,"column":5}},"2":{"start":{"line":7,"column":32},"end":{"line":7,"column":60}},"3":{"start":{"line":8,"column":8},"end":{"line":8,"column":55}},"4":{"start":{"line":8,"column":38},"end":{"line":8,"column":55}},"5":{"start":{"line":9,"column":8},"end":{"line":13,"column":10}},"6":{"start":{"line":15,"column":8},"end":{"line":15,"column":65}},"7":{"start":{"line":16,"column":8},"end":{"line":16,"column":25}},"8":{"start":{"line":21,"column":27},"end":{"line":28,"column":1}},"9":{"start":{"line":22,"column":4},"end":{"line":27,"column":5}},"10":{"start":{"line":23,"column":32},"end":{"line":23,"column":64}},"11":{"start":{"line":24,"column":8},"end":{"line":24,"column":54}},"12":{"start":{"line":26,"column":8},"end":{"line":26,"column":63}},"13":{"start":{"line":30,"column":17},"end":{"line":36,"column":2}},"14":{"start":{"line":39,"column":0},"end":{"line":41,"column":3}},"15":{"start":{"line":40,"column":4},"end":{"line":40,"column":44}}},"fnMap":{"0":{"name":"(anonymous_0)","decl":{"start":{"line":5,"column":29},"end":{"line":5,"column":30}},"loc":{"start":{"line":5,"column":35},"end":{"line":18,"column":1}},"line":5},"1":{"name":"(anonymous_1)","decl":{"start":{"line":21,"column":27},"end":{"line":21,"column":28}},"loc":{"start":{"line":21,"column":38},"end":{"line":28,"column":1}},"line":21},"2":{"name":"(anonymous_2)","decl":{"start":{"line":39,"column":19},"end":{"line":39,"column":20}},"loc":{"start":{"line":39,"column":25},"end":{"line":41,"column":1}},"line":39}},"branchMap":{"0":{"loc":{"start":{"line":8,"column":8},"end":{"line":8,"column":55}},"type":"if","locations":[{"start":{"line":8,"column":8},"end":{"line":8,"column":55}},{"start":{},"end":{}}],"line":8}},"s":{"0":1,"1":1,"2":1,"3":1,"4":1,"5":0,"6":0,"7":0,"8":1,"9":0,"10":0,"11":0,"12":0,"13":1,"14":1,"15":0},"f":{"0":1,"1":0,"2":0},"b":{"0":[1,0]},"_coverageSchema":"1a1c01bbd47fc00a2c39e90264f33305004495a9","hash":"d6485988f0163e02b64eb236aa228f2dfc9aa340"}
,"C:\\Namaste-React\\nymefoodapp\\utils\\cartSlice.js": {"path":"C:\\Namaste-React\\nymefoodapp\\utils\\cartSlice.js","statementMap":{"0":{"start":{"line":3,"column":18},"end":{"line":19,"column":2}},"1":{"start":{"line":10,"column":12},"end":{"line":10,"column":45}},"2":{"start":{"line":13,"column":12},"end":{"line":13,"column":30}},"3":{"start":{"line":16,"column":12},"end":{"line":16,"column":35}},"4":{"start":{"line":21,"column":52},"end":{"line":21,"column":69}}},"fnMap":{"0":{"name":"(anonymous_0)","decl":{"start":{"line":9,"column":17},"end":{"line":9,"column":18}},"loc":{"start":{"line":9,"column":34},"end":{"line":11,"column":9}},"line":9},"1":{"name":"(anonymous_1)","decl":{"start":{"line":12,"column":21},"end":{"line":12,"column":22}},"loc":{"start":{"line":12,"column":31},"end":{"line":14,"column":9}},"line":12},"2":{"name":"(anonymous_2)","decl":{"start":{"line":15,"column":20},"end":{"line":15,"column":21}},"loc":{"start":{"line":15,"column":30},"end":{"line":17,"column":9}},"line":15}},"branchMap":{},"s":{"0":1,"1":0,"2":0,"3":0,"4":1},"f":{"0":0,"1":0,"2":0},"b":{},"_coverageSchema":"1a1c01bbd47fc00a2c39e90264f33305004495a9","hash":"9d43ecc67f5d3f49087ff520c29feb125e99b715"}
,"C:\\Namaste-React\\nymefoodapp\\utils\\constants.js": {"path":"C:\\Namaste-React\\nymefoodapp\\utils\\constants.js","statementMap":{"0":{"start":{"line":1,"column":24},"end":{"line":1,"column":121}},"1":{"start":{"line":2,"column":23},"end":{"line":2,"column":106}},"2":{"start":{"line":3,"column":24},"end":{"line":3,"column":146}},"3":{"start":{"line":4,"column":30},"end":{"line":4,"column":125}}},"fnMap":{},"branchMap":{},"s":{"0":3,"1":3,"2":3,"3":3},"f":{},"b":{},"_coverageSchema":"1a1c01bbd47fc00a2c39e90264f33305004495a9","hash":"aae9ac3a6bfb2b43c69598cf03eb426edd4ad770"}
,"C:\\Namaste-React\\nymefoodapp\\utils\\noInternet.js": {"path":"C:\\Namaste-React\\nymefoodapp\\utils\\noInternet.js","statementMap":{"0":{"start":{"line":1,"column":19},"end":{"line":59,"column":1}},"1":{"start":{"line":2,"column":4},"end":{"line":58,"column":6}},"2":{"start":{"line":36,"column":31},"end":{"line":36,"column":55}},"3":{"start":{"line":49,"column":20},"end":{"line":49,"column":63}},"4":{"start":{"line":52,"column":20},"end":{"line":52,"column":63}}},"fnMap":{"0":{"name":"(anonymous_0)","decl":{"start":{"line":1,"column":19},"end":{"line":1,"column":20}},"loc":{"start":{"line":1,"column":25},"end":{"line":59,"column":1}},"line":1},"1":{"name":"(anonymous_1)","decl":{"start":{"line":36,"column":25},"end":{"line":36,"column":26}},"loc":{"start":{"line":36,"column":31},"end":{"line":36,"column":55}},"line":36},"2":{"name":"(anonymous_2)","decl":{"start":{"line":48,"column":29},"end":{"line":48,"column":30}},"loc":{"start":{"line":48,"column":36},"end":{"line":50,"column":17}},"line":48},"3":{"name":"(anonymous_3)","decl":{"start":{"line":51,"column":28},"end":{"line":51,"column":29}},"loc":{"start":{"line":51,"column":35},"end":{"line":53,"column":17}},"line":51}},"branchMap":{},"s":{"0":2,"1":0,"2":0,"3":0,"4":0},"f":{"0":0,"1":0,"2":0,"3":0},"b":{},"_coverageSchema":"1a1c01bbd47fc00a2c39e90264f33305004495a9","hash":"308648aecd2ad70d8cc6928a05e109c0ed9cf119"}
,"C:\\Namaste-React\\nymefoodapp\\utils\\shimmer.js": {"path":"C:\\Namaste-React\\nymefoodapp\\utils\\shimmer.js","statementMap":{"0":{"start":{"line":1,"column":16},"end":{"line":21,"column":1}},"1":{"start":{"line":2,"column":4},"end":{"line":20,"column":5}}},"fnMap":{"0":{"name":"(anonymous_0)","decl":{"start":{"line":1,"column":16},"end":{"line":1,"column":17}},"loc":{"start":{"line":1,"column":21},"end":{"line":21,"column":1}},"line":1}},"branchMap":{},"s":{"0":1,"1":1},"f":{"0":1},"b":{},"_coverageSchema":"1a1c01bbd47fc00a2c39e90264f33305004495a9","hash":"89abf0bf383c158557bc360838e25d028b700bd2"}
,"C:\\Namaste-React\\nymefoodapp\\utils\\useOnline.js": {"path":"C:\\Namaste-React\\nymefoodapp\\utils\\useOnline.js","statementMap":{"0":{"start":{"line":3,"column":18},"end":{"line":21,"column":1}},"1":{"start":{"line":4,"column":44},"end":{"line":4,"column":70}},"2":{"start":{"line":6,"column":4},"end":{"line":18,"column":11}},"3":{"start":{"line":7,"column":29},"end":{"line":7,"column":56}},"4":{"start":{"line":7,"column":35},"end":{"line":7,"column":56}},"5":{"start":{"line":8,"column":30},"end":{"line":8,"column":58}},"6":{"start":{"line":8,"column":36},"end":{"line":8,"column":58}},"7":{"start":{"line":10,"column":8},"end":{"line":10,"column":56}},"8":{"start":{"line":11,"column":8},"end":{"line":11,"column":58}},"9":{"start":{"line":14,"column":8},"end":{"line":17,"column":10}},"10":{"start":{"line":15,"column":12},"end":{"line":15,"column":63}},"11":{"start":{"line":16,"column":12},"end":{"line":16,"column":65}},"12":{"start":{"line":20,"column":4},"end":{"line":20,"column":24}}},"fnMap":{"0":{"name":"(anonymous_0)","decl":{"start":{"line":3,"column":18},"end":{"line":3,"column":19}},"loc":{"start":{"line":3,"column":24},"end":{"line":21,"column":1}},"line":3},"1":{"name":"(anonymous_1)","decl":{"start":{"line":6,"column":14},"end":{"line":6,"column":15}},"loc":{"start":{"line":6,"column":20},"end":{"line":18,"column":5}},"line":6},"2":{"name":"(anonymous_2)","decl":{"start":{"line":7,"column":29},"end":{"line":7,"column":30}},"loc":{"start":{"line":7,"column":35},"end":{"line":7,"column":56}},"line":7},"3":{"name":"(anonymous_3)","decl":{"start":{"line":8,"column":30},"end":{"line":8,"column":31}},"loc":{"start":{"line":8,"column":36},"end":{"line":8,"column":58}},"line":8},"4":{"name":"(anonymous_4)","decl":{"start":{"line":14,"column":15},"end":{"line":14,"column":16}},"loc":{"start":{"line":14,"column":21},"end":{"line":17,"column":9}},"line":14}},"branchMap":{},"s":{"0":3,"1":10,"2":10,"3":7,"4":0,"5":7,"6":0,"7":7,"8":7,"9":7,"10":7,"11":7,"12":10},"f":{"0":10,"1":7,"2":0,"3":0,"4":7},"b":{},"_coverageSchema":"1a1c01bbd47fc00a2c39e90264f33305004495a9","hash":"3e295e84cd9fe0b0b7df0a93291ddc426eb0c5f6"}
,"C:\\Namaste-React\\nymefoodapp\\utils\\userContext.js": {"path":"C:\\Namaste-React\\nymefoodapp\\utils\\userContext.js","statementMap":{"0":{"start":{"line":3,"column":20},"end":{"line":5,"column":2}}},"fnMap":{},"branchMap":{},"s":{"0":1},"f":{},"b":{},"_coverageSchema":"1a1c01bbd47fc00a2c39e90264f33305004495a9","hash":"514712ecb364cd06b52addbcc45b44cdf7d30924"}
}
