TN:
SF:components\Body.js
FN:9,(anonymous_0)
FN:14,(anonymous_1)
FN:20,(anonymous_2)
FN:27,(anonymous_3)
FN:51,(anonymous_4)
FN:58,(anonymous_5)
FN:59,(anonymous_6)
FN:72,(anonymous_7)
FN:74,(anonymous_8)
FN:91,(anonymous_9)
FN:99,(anonymous_10)
FNF:11
FNH:7
FNDA:3,(anonymous_0)
FNDA:1,(anonymous_1)
FNDA:1,(anonymous_2)
FNDA:3,(anonymous_3)
FNDA:0,(anonymous_4)
FNDA:1,(anonymous_5)
FNDA:9,(anonymous_6)
FNDA:0,(anonymous_7)
FNDA:0,(anonymous_8)
FNDA:0,(anonymous_9)
FNDA:18,(anonymous_10)
DA:9,1
DA:10,3
DA:11,3
DA:12,3
DA:14,3
DA:15,1
DA:18,3
DA:20,3
DA:21,1
DA:25,1
DA:26,1
DA:27,3
DA:30,1
DA:31,1
DA:34,3
DA:37,3
DA:39,3
DA:41,3
DA:52,0
DA:59,1
DA:60,9
DA:64,1
DA:73,0
DA:74,0
DA:76,0
DA:91,0
DA:100,18
LF:27
LH:22
BRDA:39,0,0,0
BRDA:39,0,1,3
BRDA:41,1,0,1
BRDA:41,1,1,2
BRDA:98,2,0,2
BRDA:98,2,1,2
BRDA:106,3,0,18
BRDA:106,3,1,0
BRF:8
BRH:6
end_of_record
TN:
SF:components\Contact.js
FN:5,(anonymous_0)
FN:14,(anonymous_1)
FN:19,(anonymous_2)
FNF:3
FNH:1
FNDA:3,(anonymous_0)
FNDA:0,(anonymous_1)
FNDA:0,(anonymous_2)
DA:5,1
DA:6,3
DA:8,3
DA:14,3
DA:15,0
DA:16,0
DA:19,3
DA:20,0
DA:21,0
DA:22,0
DA:23,0
DA:26,3
DA:28,3
LF:13
LH:7
BRDA:26,0,0,0
BRDA:26,0,1,3
BRF:2
BRH:1
end_of_record
TN:
SF:components\Header.js
FN:7,(anonymous_0)
FN:10,(anonymous_1)
FN:56,(anonymous_2)
FNF:3
FNH:3
FNDA:4,(anonymous_0)
FNDA:7,(anonymous_1)
FNDA:1,(anonymous_2)
DA:7,1
DA:8,4
DA:9,4
DA:10,7
DA:11,4
DA:13,4
DA:56,1
LF:7
LH:7
BRDA:25,0,0,4
BRDA:25,0,1,0
BRDA:43,1,0,4
BRDA:43,1,1,0
BRDA:57,2,0,1
BRDA:57,2,1,3
BRDA:59,3,0,1
BRDA:59,3,1,3
BRDA:64,4,0,1
BRDA:64,4,1,3
BRF:10
BRH:8
end_of_record
TN:
SF:components\RestrauntCard.js
FN:4,(anonymous_0)
FN:39,(anonymous_1)
FN:40,(anonymous_2)
FNF:3
FNH:2
FNDA:19,(anonymous_0)
FNDA:3,(anonymous_1)
FNDA:0,(anonymous_2)
DA:4,2
DA:5,19
DA:12,19
DA:13,19
DA:39,2
DA:40,3
DA:41,0
LF:7
LH:6
BRF:0
BRH:0
end_of_record
TN:
SF:components\sum.js
FN:1,(anonymous_0)
FNF:1
FNH:1
FNDA:1,(anonymous_0)
DA:1,1
DA:2,1
LF:2
LH:2
BRF:0
BRH:0
end_of_record
TN:
SF:utils\appStore.js
FN:5,(anonymous_0)
FN:21,(anonymous_1)
FN:39,(anonymous_2)
FNF:3
FNH:1
FNDA:1,(anonymous_0)
FNDA:0,(anonymous_1)
FNDA:0,(anonymous_2)
DA:5,1
DA:6,1
DA:7,1
DA:8,1
DA:9,0
DA:15,0
DA:16,0
DA:21,1
DA:22,0
DA:23,0
DA:24,0
DA:26,0
DA:30,1
DA:39,1
DA:40,0
LF:15
LH:7
BRDA:8,0,0,1
BRDA:8,0,1,0
BRF:2
BRH:1
end_of_record
TN:
SF:utils\cartSlice.js
FN:9,(anonymous_0)
FN:12,(anonymous_1)
FN:15,(anonymous_2)
FNF:3
FNH:0
FNDA:0,(anonymous_0)
FNDA:0,(anonymous_1)
FNDA:0,(anonymous_2)
DA:3,1
DA:10,0
DA:13,0
DA:16,0
DA:21,1
LF:5
LH:2
BRF:0
BRH:0
end_of_record
TN:
SF:utils\constants.js
FNF:0
FNH:0
DA:1,3
DA:2,3
DA:3,3
DA:4,3
LF:4
LH:4
BRF:0
BRH:0
end_of_record
TN:
SF:utils\noInternet.js
FN:1,(anonymous_0)
FN:36,(anonymous_1)
FN:48,(anonymous_2)
FN:51,(anonymous_3)
FNF:4
FNH:0
FNDA:0,(anonymous_0)
FNDA:0,(anonymous_1)
FNDA:0,(anonymous_2)
FNDA:0,(anonymous_3)
DA:1,2
DA:2,0
DA:36,0
DA:49,0
DA:52,0
LF:5
LH:1
BRF:0
BRH:0
end_of_record
TN:
SF:utils\shimmer.js
FN:1,(anonymous_0)
FNF:1
FNH:1
FNDA:1,(anonymous_0)
DA:1,1
DA:2,1
LF:2
LH:2
BRF:0
BRH:0
end_of_record
TN:
SF:utils\useOnline.js
FN:3,(anonymous_0)
FN:6,(anonymous_1)
FN:7,(anonymous_2)
FN:8,(anonymous_3)
FN:14,(anonymous_4)
FNF:5
FNH:3
FNDA:10,(anonymous_0)
FNDA:7,(anonymous_1)
FNDA:0,(anonymous_2)
FNDA:0,(anonymous_3)
FNDA:7,(anonymous_4)
DA:3,3
DA:4,10
DA:6,10
DA:7,7
DA:8,7
DA:10,7
DA:11,7
DA:14,7
DA:15,7
DA:16,7
DA:20,10
LF:11
LH:11
BRF:0
BRH:0
end_of_record
TN:
SF:utils\userContext.js
FNF:0
FNH:0
DA:3,1
LF:1
LH:1
BRF:0
BRH:0
end_of_record
